***** Running evaluation *****
  Num examples = %d 12
Sentence 0 rankings: 
), Fue un pianista y compositor folclórico, y figura fundamental en lo que a interpretación pianística del folclore argentino se refiere.
folclórico
['argentino', 'chileno', 'uruguayo', 'peruano', 'polaco', 'reconocido', 'recordado', 'infantil', '[UNK]', 'internacional', 'costarricense', 'japones', 'autor', 'italiano', 'fino', 'escritor', 'popular', 'de', 'musical', 'artista']
Sentence 1 rankings: 
Además de partidos de fútbol americano, el estadio ha sido utilizado para una gran variedad de eventos, entre los que se destacan varios partidos de la selección nacional de fútbol de los Estados Unidos, y fue el hogar del ahora difunto club de la MLS, el Tampa Bay Mutiny.
difunto
['desaparecido', 'extinto', 'nuevo', 'fallecido', 'ex', 'antiguo', 'famoso', 'principal', 'presidente', 'poderoso', 'el', 'primer', 'retirado', 'muerto', 'jugador', 'viejo', 'reconocido', 'propietario', 'desaparecidos', 'mayor']
Sentence 2 rankings: 
Sufrió una importante reducción en su capacidad para poder acogerse a las normas de la FIFA para los estadios de fútbol.
acogerse
['acceder', 'adaptarse', 'adherirse', 'unirse', 'acoger', 'llegar', 'responder', 'ajustarse', 'incorporarse', 'entrar', 'someterse', 'acercarse', 'volver', 'atender', 'acceso', 'darse', 'dar', 'aceptar', 'aplicar', 'optar']
Sentence 3 rankings: 
El texto denominado "Lamentos de Ipuwer" describe una situación caótica: reyes desacreditados, invasión asiática del Delta, desórdenes revolucionarios, destrucción de archivos y tumbas reales, ateísmo y divulgación de secretos religiosos.
desacreditados
['"', 'ra', '[UNK]', 'recordar', 'f', 'sangre', 'hablar', 'd', 'me', 'unidos', 'profundidad', 'america', 'todos', 'borrar', 'r', 'finlandia', '3', 'verde', 'tronco', 'largo']
Sentence 4 rankings: 
Floreció en la época clásica y tenía una reputada escuela de filosofía.
reputada
['nueva', 'mejor', '"', 'reconocida', 'buena', 'comun', 'famosa', 'conocida', 'universidad', 'la', 'popular', 'vieja', '[UNK]', 'de', 'escuela', 'corriente', 'a', 'importante', 'referencia', 'una']
Sentence 5 rankings: 
Pocos días más tarde, el 8 de septiembre, durante los Campeonatos de Europa de Roma, las mismas integrantes ganaron el oro y batieron el récord mundial con 42,51.
batieron
['ganaron', 'en', 'ganar', 'gano', 'batir', 'rompieron', 'renovar', 'finalizar', 'terminaron', 'tambien', 'ganan', 'mantener', 'superar', 'alcanzaron', 'consiguieron', 'completar', 'romper', 'lograron', 'recuperar', '[UNK]']
Sentence 6 rankings: 
Según algunos estudios se hace referencia a que la obra de construcción de la iglesia es anterior al S. XIV, pero debido a una gran reforma que sufrió entre los siglos XV y XVI que le da su imagen actual (excepto la fachada) hace que se catalogue como construida en el S. XVI.
catalogue
['clasifica', 'catalog', 'vea', 'considere', 'reconozca', 'declare', 'conozca', 'considera', 'clasifican', 'conoce', 'consideren', 'clasificar', 'identifica', 'determine', 'registro', 'registra', 'describe', 'tenga', 'trate', 'encuentre']
Sentence 7 rankings: 
Anteriormente el equipo jugaba las ligas de la extinta República Democrática Alemana y actualmente está jugando en la 2.
extinta
['desaparecida', 'la', 'antigua', 'nueva', 'super', '[UNK]', 'vieja', 'ex', 'alta', 'primera', 'ia', 'plata', '"', 'central', 'empresa', 'segunda', 'superior', 'poderosa', 'de', 'universidad']
Sentence 8 rankings: 
Antes de aquello, el estadio albergaba una capacidad para más de 130.000 espectadores.
albergaba
['tenia', 'tiene', 'tuvo', 'alberga', 'posee', 'presentaba', 'era', 'tuviera', 'ocupaba', 'contaba', 'tuviese', 'con', 'mantuvo', 'guardaba', 'registro', 'contiene', 'utilizaba', 'mostraba', 'pose', 'habia']
Sentence 9 rankings: 
Balbo era guardaespaldas de Cesare Battisti durante las manifestaciones realizadas a favor de la guerra.
guardaespaldas
['ayudante', 'asesor', 'cliente', 'amigo', 'protegido', 'asistente', 'representante', 'chofer', 'secretario', 'partidario', 'colaborador', 'consejero', 'abogado', 'manager', 'amante', 'enemigo', 'escolta', 'empleado', 'guardia', 'protector']
Sentence 10 rankings: 
El representativo chileno obtuvo una muy buena participación al conquistar los tres primeros lugares del citado certamen.
representativo
['conjunto', 'combinado', 'equipo', 'seleccionado', 'cuadro', 'representante', 'club', 'elenco', 'femenino', 'plantel', 'contingente', 'campeonato', 'jugador', 'arquero', 'futbol', 'pueblo', 'seleccion', 'local', 'deportista', '[UNK]']
Sentence 11 rankings: 
El representativo chileno obtuvo una muy buena participación al conquistar los tres primeros lugares del citado certamen.
conquistar
['ganar', 'lograr', 'obtener', 'alcanzar', 'conseguir', 'ocupar', 'superar', 'finalizar', 'terminar', 'vencer', 'disputar', 'escalar', 'recorrer', 'sumar', 'poseer', 'dominar', 'concluir', 'llegar', 'llevarse', 'clasificar']
The score of evaluation for BERT candidate generation
0.9166666666666666 0.12916666666666668 0.24031007751937986 0.16802168021680217
